<?xml version="1.0" encoding="UTF-8"?>
<!-- Generated by org.testng.reporters.JUnitXMLReporter -->
<testsuite ignored="0" hostname="DESKTOP-1T5BJDV" failures="0" tests="5" name="Authorization" time="1.392" errors="0" timestamp="2024-07-16T19:49:57 IST">
  <testcase classname="authentication.TestRegister" name="Tc_01" time="0.847"/>
  <testcase classname="authentication.TestRegister" name="Tc_02" time="0.172"/>
  <testcase classname="authentication.TestRegister" name="Tc_03" time="0.09"/>
  <testcase classname="authentication.TestRegister" name="Tc_04" time="0.028"/>
  <testcase classname="authentication.TestRegister" name="Tc_05" time="0.114"/>
</testsuite> <!-- Authorization -->
